{"uuid":"047cb624-3abb-4be1-8b0a-13f214bf755b","historyId":"cb2eb943d3996a09fffd36bca90828a0","testCaseId":"972f10a6caef20b822ae2b16265da33e","fullName":"src/test/resources/features/linkedList.feature:25","labels":[{"name":"tag","value":"smoke"},{"name":"host","value":"Blossoms"},{"name":"thread","value":"856@Blossoms.main(1)"},{"name":"feature","value":"Linked List functionality"},{"name":"story","value":"validating Run function with invalid code and valid code"},{"name":"suite","value":"Linked List functionality"},{"name":"testClass","value":"validating Run function with invalid code and valid code"},{"name":"framework","value":"cucumber4jvm"},{"name":"language","value":"java"},{"name":"gherkin_uri","value":"file:///C:/Users/bloss/src/DsAlgoProject/src/test/resources/features/linkedList.feature"},{"name":"package","value":"src.test.resources.features.linkedList_feature.Linked List functionality"}],"links":[],"name":"validating Run function with invalid code and valid code","status":"failed","statusDetails":{"known":false,"muted":false,"flaky":false,"message":"expected [SyntaxError: bad input on line 1] but found []","trace":"java.lang.AssertionError: expected [SyntaxError: bad input on line 1] but found []\r\n\tat org.testng.Assert.fail(Assert.java:111)\r\n\tat org.testng.Assert.failNotEquals(Assert.java:1578)\r\n\tat org.testng.Assert.assertEqualsImpl(Assert.java:150)\r\n\tat org.testng.Assert.assertEquals(Assert.java:132)\r\n\tat org.testng.Assert.assertEquals(Assert.java:656)\r\n\tat org.testng.Assert.assertEquals(Assert.java:666)\r\n\tat stepDefinitions.LinkedListSteps.the_user_gets_the_message(LinkedListSteps.java:70)\r\n\tat ✽.the user gets the message 'SyntaxError: bad input on line 1'(file:///C:/Users/bloss/src/DsAlgoProject/src/test/resources/features/linkedList.feature:22)\r\n"},"stage":"finished","steps":[{"name":"Given the user is logged in","status":"passed","statusDetails":{"known":false,"muted":false,"flaky":false},"stage":"finished","steps":[],"attachments":[],"parameters":[],"start":1733286766657,"stop":1733286770432},{"name":"Given the user is in the python editor of Introduction page","status":"passed","statusDetails":{"known":false,"muted":false,"flaky":false},"stage":"finished","steps":[],"attachments":[],"parameters":[],"start":1733286770434,"stop":1733286770924},{"name":"When the user enters 'print(\\\"Hello\\\")abc' in the python editor and clicks Run","status":"passed","statusDetails":{"known":false,"muted":false,"flaky":false},"stage":"finished","steps":[],"attachments":[],"parameters":[],"start":1733286770924,"stop":1733286771168},{"name":"Then the user gets the message 'SyntaxError: bad input on line 1'","status":"failed","statusDetails":{"known":false,"muted":false,"flaky":false,"message":"expected [SyntaxError: bad input on line 1] but found []","trace":"java.lang.AssertionError: expected [SyntaxError: bad input on line 1] but found []\r\n\tat org.testng.Assert.fail(Assert.java:111)\r\n\tat org.testng.Assert.failNotEquals(Assert.java:1578)\r\n\tat org.testng.Assert.assertEqualsImpl(Assert.java:150)\r\n\tat org.testng.Assert.assertEquals(Assert.java:132)\r\n\tat org.testng.Assert.assertEquals(Assert.java:656)\r\n\tat org.testng.Assert.assertEquals(Assert.java:666)\r\n\tat stepDefinitions.LinkedListSteps.the_user_gets_the_message(LinkedListSteps.java:70)\r\n\tat ✽.the user gets the message 'SyntaxError: bad input on line 1'(file:///C:/Users/bloss/src/DsAlgoProject/src/test/resources/features/linkedList.feature:22)\r\n"},"stage":"finished","steps":[],"attachments":[],"parameters":[],"start":1733286771168,"stop":1733286771233}],"attachments":[],"parameters":[{"name":"code","value":"print(\\\"Hello\\\")abc"},{"name":"expectedOutcome","value":"SyntaxError: bad input on line 1"}],"start":1733286766452,"stop":1733286771426}