{"uuid":"148bad8f-7332-441f-b122-e05025259436","historyId":"7576973a13fe1392b8e12f56250148af","testCaseId":"972f10a6caef20b822ae2b16265da33e","fullName":"src/test/resources/features/linkedList.feature:162","labels":[{"name":"tag","value":"tag"},{"name":"host","value":"Blossoms"},{"name":"thread","value":"18784@Blossoms.TestNG-tests-2(31)"},{"name":"feature","value":"Linked List functionality"},{"name":"story","value":"validating Run function with invalid code and valid code"},{"name":"suite","value":"Linked List functionality"},{"name":"testClass","value":"validating Run function with invalid code and valid code"},{"name":"framework","value":"cucumber4jvm"},{"name":"language","value":"java"},{"name":"gherkin_uri","value":"file:///C:/Users/bloss/src/DsAlgoProject/src/test/resources/features/linkedList.feature"},{"name":"package","value":"src.test.resources.features.linkedList_feature.Linked List functionality"}],"links":[],"name":"validating Run function with invalid code and valid code","status":"failed","statusDetails":{"known":false,"muted":false,"flaky":false,"message":"expected [Hello] but found []","trace":"java.lang.AssertionError: expected [Hello] but found []\r\n\tat org.testng.Assert.fail(Assert.java:111)\r\n\tat org.testng.Assert.failNotEquals(Assert.java:1578)\r\n\tat org.testng.Assert.assertEqualsImpl(Assert.java:150)\r\n\tat org.testng.Assert.assertEquals(Assert.java:132)\r\n\tat org.testng.Assert.assertEquals(Assert.java:656)\r\n\tat org.testng.Assert.assertEquals(Assert.java:666)\r\n\tat stepDefinitions.LinkedListSteps.the_user_gets_the_message(LinkedListSteps.java:84)\r\n\tat ✽.the user gets the message 'Hello'(file:///C:/Users/bloss/src/DsAlgoProject/src/test/resources/features/linkedList.feature:158)\r\n"},"stage":"finished","steps":[{"name":"Given the user is logged in","status":"passed","statusDetails":{"known":false,"muted":false,"flaky":false},"stage":"finished","steps":[],"attachments":[],"parameters":[],"start":1733961575746,"stop":1733961576360},{"name":"Given the user is in the python editor of the Deletion page","status":"passed","statusDetails":{"known":false,"muted":false,"flaky":false},"stage":"finished","steps":[],"attachments":[],"parameters":[],"start":1733961576360,"stop":1733961576725},{"name":"When the user enters 'print(\"Hello\")' in the python editor and clicks Run","status":"passed","statusDetails":{"known":false,"muted":false,"flaky":false},"stage":"finished","steps":[],"attachments":[],"parameters":[],"start":1733961576725,"stop":1733961576971},{"name":"Then the user gets the message 'Hello'","status":"failed","statusDetails":{"known":false,"muted":false,"flaky":false,"message":"expected [Hello] but found []","trace":"java.lang.AssertionError: expected [Hello] but found []\r\n\tat org.testng.Assert.fail(Assert.java:111)\r\n\tat org.testng.Assert.failNotEquals(Assert.java:1578)\r\n\tat org.testng.Assert.assertEqualsImpl(Assert.java:150)\r\n\tat org.testng.Assert.assertEquals(Assert.java:132)\r\n\tat org.testng.Assert.assertEquals(Assert.java:656)\r\n\tat org.testng.Assert.assertEquals(Assert.java:666)\r\n\tat stepDefinitions.LinkedListSteps.the_user_gets_the_message(LinkedListSteps.java:84)\r\n\tat ✽.the user gets the message 'Hello'(file:///C:/Users/bloss/src/DsAlgoProject/src/test/resources/features/linkedList.feature:158)\r\n"},"stage":"finished","steps":[],"attachments":[],"parameters":[],"start":1733961576971,"stop":1733961576985}],"attachments":[],"parameters":[{"name":"code","value":"print(\"Hello\")"},{"name":"expectedOutcome","value":"Hello"}],"start":1733961575746,"stop":1733961576985}