{"uuid":"1caf7981-bad9-4d2e-aa57-a0b2f16fe950","historyId":"ac14378fc7ff58bef5d26afd4998ec6e","testCaseId":"1a73765ccf7bf07909a1a976e1b39492","fullName":"src/test/resources/features/linkedList.feature:26","labels":[{"name":"tag","value":"wip"},{"name":"host","value":"Blossoms"},{"name":"thread","value":"58220@Blossoms.main(1)"},{"name":"feature","value":"Linked List functionality"},{"name":"story","value":"validating Run function with valid code and invalid code"},{"name":"suite","value":"Linked List functionality"},{"name":"testClass","value":"validating Run function with valid code and invalid code"},{"name":"framework","value":"cucumber4jvm"},{"name":"language","value":"java"},{"name":"gherkin_uri","value":"file:///C:/Users/bloss/src/DsAlgoProject/src/test/resources/features/linkedList.feature"},{"name":"package","value":"src.test.resources.features.linkedList_feature.Linked List functionality"}],"links":[],"name":"validating Run function with valid code and invalid code","status":"failed","statusDetails":{"known":false,"muted":false,"flaky":false,"message":"No output found in the console expected [false] but found [true]","trace":"java.lang.AssertionError: No output found in the console expected [false] but found [true]\r\n\tat org.testng.Assert.fail(Assert.java:111)\r\n\tat org.testng.Assert.failNotEquals(Assert.java:1578)\r\n\tat org.testng.Assert.assertFalse(Assert.java:79)\r\n\tat stepDefinitions.LinkedListSteps.the_user_gets_the_message(LinkedListSteps.java:79)\r\n\tat ✽.the user gets the message 'the user is able to see the output in the console'(file:///C:/Users/bloss/src/DsAlgoProject/src/test/resources/features/linkedList.feature:22)\r\n"},"stage":"finished","steps":[{"name":"Given the user is logged in","status":"passed","statusDetails":{"known":false,"muted":false,"flaky":false},"stage":"finished","steps":[],"attachments":[],"parameters":[],"start":1733160960681,"stop":1733160962952},{"name":"Given the user is in the python editor of Introduction page","status":"passed","statusDetails":{"known":false,"muted":false,"flaky":false},"stage":"finished","steps":[],"attachments":[],"parameters":[],"start":1733160962952,"stop":1733160963640},{"name":"When the user enters 'print(\\\"Hello\\\")' in the python editor and clicks Run","status":"passed","statusDetails":{"known":false,"muted":false,"flaky":false},"stage":"finished","steps":[],"attachments":[],"parameters":[],"start":1733160963640,"stop":1733160963640},{"name":"Then the user gets the message 'the user is able to see the output in the console'","status":"failed","statusDetails":{"known":false,"muted":false,"flaky":false,"message":"No output found in the console expected [false] but found [true]","trace":"java.lang.AssertionError: No output found in the console expected [false] but found [true]\r\n\tat org.testng.Assert.fail(Assert.java:111)\r\n\tat org.testng.Assert.failNotEquals(Assert.java:1578)\r\n\tat org.testng.Assert.assertFalse(Assert.java:79)\r\n\tat stepDefinitions.LinkedListSteps.the_user_gets_the_message(LinkedListSteps.java:79)\r\n\tat ✽.the user gets the message 'the user is able to see the output in the console'(file:///C:/Users/bloss/src/DsAlgoProject/src/test/resources/features/linkedList.feature:22)\r\n"},"stage":"finished","steps":[],"attachments":[],"parameters":[],"start":1733160963641,"stop":1733160963671}],"attachments":[],"parameters":[{"name":"code","value":"print(\\\"Hello\\\")"},{"name":"expectedOutcome","value":"the user is able to see the output in the console"}],"start":1733160960675,"stop":1733160963835}