{"uuid":"6dddb32b-c067-45e9-9cb3-91bd19c2cf30","historyId":"f67f065af572497c161fa82145be5de0","testCaseId":"972f10a6caef20b822ae2b16265da33e","fullName":"src/test/resources/features/linkedList.feature:54","labels":[{"name":"tag","value":"tag"},{"name":"host","value":"Blossoms"},{"name":"thread","value":"55340@Blossoms.TestNG-test-FirefoxTest-1(58)"},{"name":"feature","value":"Linked List functionality"},{"name":"story","value":"validating Run function with invalid code and valid code"},{"name":"suite","value":"Linked List functionality"},{"name":"testClass","value":"validating Run function with invalid code and valid code"},{"name":"framework","value":"cucumber4jvm"},{"name":"language","value":"java"},{"name":"gherkin_uri","value":"file:///C:/Users/bloss/src/DsAlgoProject/src/test/resources/features/linkedList.feature"},{"name":"package","value":"src.test.resources.features.linkedList_feature.Linked List functionality"}],"links":[],"name":"validating Run function with invalid code and valid code","status":"failed","statusDetails":{"known":false,"muted":false,"flaky":false,"message":"expected [Hello] but found []","trace":"java.lang.AssertionError: expected [Hello] but found []\r\n\tat org.testng.Assert.fail(Assert.java:111)\r\n\tat org.testng.Assert.failNotEquals(Assert.java:1578)\r\n\tat org.testng.Assert.assertEqualsImpl(Assert.java:150)\r\n\tat org.testng.Assert.assertEquals(Assert.java:132)\r\n\tat org.testng.Assert.assertEquals(Assert.java:656)\r\n\tat org.testng.Assert.assertEquals(Assert.java:666)\r\n\tat stepDefinitions.LinkedListSteps.the_user_gets_the_message(LinkedListSteps.java:84)\r\n\tat ✽.the user gets the message 'Hello'(file:///C:/Users/bloss/src/DsAlgoProject/src/test/resources/features/linkedList.feature:50)\r\n"},"stage":"finished","steps":[{"name":"Given the user is logged in","status":"passed","statusDetails":{"known":false,"muted":false,"flaky":false},"stage":"finished","steps":[],"attachments":[],"parameters":[],"start":1733861263635,"stop":1733861264215},{"name":"Given the user is in the python editor of Creating Linked List page","status":"passed","statusDetails":{"known":false,"muted":false,"flaky":false},"stage":"finished","steps":[],"attachments":[],"parameters":[],"start":1733861264216,"stop":1733861264540},{"name":"When the user enters 'print(\"Hello\")' in the python editor and clicks Run","status":"passed","statusDetails":{"known":false,"muted":false,"flaky":false},"stage":"finished","steps":[],"attachments":[],"parameters":[],"start":1733861264541,"stop":1733861264783},{"name":"Then the user gets the message 'Hello'","status":"failed","statusDetails":{"known":false,"muted":false,"flaky":false,"message":"expected [Hello] but found []","trace":"java.lang.AssertionError: expected [Hello] but found []\r\n\tat org.testng.Assert.fail(Assert.java:111)\r\n\tat org.testng.Assert.failNotEquals(Assert.java:1578)\r\n\tat org.testng.Assert.assertEqualsImpl(Assert.java:150)\r\n\tat org.testng.Assert.assertEquals(Assert.java:132)\r\n\tat org.testng.Assert.assertEquals(Assert.java:656)\r\n\tat org.testng.Assert.assertEquals(Assert.java:666)\r\n\tat stepDefinitions.LinkedListSteps.the_user_gets_the_message(LinkedListSteps.java:84)\r\n\tat ✽.the user gets the message 'Hello'(file:///C:/Users/bloss/src/DsAlgoProject/src/test/resources/features/linkedList.feature:50)\r\n"},"stage":"finished","steps":[],"attachments":[],"parameters":[],"start":1733861264783,"stop":1733861264794}],"attachments":[],"parameters":[{"name":"code","value":"print(\"Hello\")"},{"name":"expectedOutcome","value":"Hello"}],"start":1733861263635,"stop":1733861264794}