{"uuid":"7bdf76e8-bba8-4cf9-a9ff-a65233046e28","historyId":"b5b8c6519be9b04d029dce9e8de53c29","testCaseId":"1a73765ccf7bf07909a1a976e1b39492","fullName":"src/test/resources/features/linkedList.feature:48","labels":[{"name":"tag","value":"smoke"},{"name":"host","value":"Blossoms"},{"name":"thread","value":"29284@Blossoms.main(1)"},{"name":"feature","value":"Linked List functionality"},{"name":"story","value":"validating Run function with valid code and invalid code"},{"name":"suite","value":"Linked List functionality"},{"name":"testClass","value":"validating Run function with valid code and invalid code"},{"name":"framework","value":"cucumber4jvm"},{"name":"language","value":"java"},{"name":"gherkin_uri","value":"file:///C:/Users/bloss/src/DsAlgoProject/src/test/resources/features/linkedList.feature"},{"name":"package","value":"src.test.resources.features.linkedList_feature.Linked List functionality"}],"links":[],"name":"validating Run function with valid code and invalid code","status":"failed","statusDetails":{"known":false,"muted":false,"flaky":false,"message":"Unexpected outcome specified in test case: Hello","trace":"java.lang.AssertionError: Unexpected outcome specified in test case: Hello\r\n\tat org.testng.Assert.fail(Assert.java:111)\r\n\tat stepDefinitions.LinkedListSteps.the_user_gets_the_message(LinkedListSteps.java:76)\r\n\tat ✽.the user gets the message 'Hello'(file:///C:/Users/bloss/src/DsAlgoProject/src/test/resources/features/linkedList.feature:44)\r\n"},"stage":"finished","steps":[{"name":"Given the user is logged in","status":"passed","statusDetails":{"known":false,"muted":false,"flaky":false},"stage":"finished","steps":[],"attachments":[],"parameters":[],"start":1733247509079,"stop":1733247511248},{"name":"Given the user is in the python editor of Creating Linked List page","status":"passed","statusDetails":{"known":false,"muted":false,"flaky":false},"stage":"finished","steps":[],"attachments":[],"parameters":[],"start":1733247511248,"stop":1733247511982},{"name":"When the user enters 'print(\"Hello\")' in the python editor and clicks Run","status":"passed","statusDetails":{"known":false,"muted":false,"flaky":false},"stage":"finished","steps":[],"attachments":[],"parameters":[],"start":1733247511982,"stop":1733247512124},{"name":"Then the user gets the message 'Hello'","status":"failed","statusDetails":{"known":false,"muted":false,"flaky":false,"message":"Unexpected outcome specified in test case: Hello","trace":"java.lang.AssertionError: Unexpected outcome specified in test case: Hello\r\n\tat org.testng.Assert.fail(Assert.java:111)\r\n\tat stepDefinitions.LinkedListSteps.the_user_gets_the_message(LinkedListSteps.java:76)\r\n\tat ✽.the user gets the message 'Hello'(file:///C:/Users/bloss/src/DsAlgoProject/src/test/resources/features/linkedList.feature:44)\r\n"},"stage":"finished","steps":[],"attachments":[],"parameters":[],"start":1733247512125,"stop":1733247512126}],"attachments":[],"parameters":[{"name":"code","value":"print(\"Hello\")"},{"name":"expectedOutcome","value":"Hello"}],"start":1733247509075,"stop":1733247512261}