{"uuid":"a0058973-9f4f-4a51-a6ce-229f0980bdb4","historyId":"74c8fb6390f284abd8522df00d1d3d58","testCaseId":"972f10a6caef20b822ae2b16265da33e","fullName":"src/test/resources/features/linkedList.feature:140","labels":[{"name":"tag","value":"tag"},{"name":"host","value":"Blossoms"},{"name":"thread","value":"14444@Blossoms.TestNG-test-FirefoxTest-1(58)"},{"name":"feature","value":"Linked List functionality"},{"name":"story","value":"validating Run function with invalid code and valid code"},{"name":"suite","value":"Linked List functionality"},{"name":"testClass","value":"validating Run function with invalid code and valid code"},{"name":"framework","value":"cucumber4jvm"},{"name":"language","value":"java"},{"name":"gherkin_uri","value":"file:///C:/Users/bloss/src/DsAlgoProject/src/test/resources/features/linkedList.feature"},{"name":"package","value":"src.test.resources.features.linkedList_feature.Linked List functionality"}],"links":[],"name":"validating Run function with invalid code and valid code","status":"failed","statusDetails":{"known":false,"muted":false,"flaky":false,"message":"expected [Hello] but found []","trace":"java.lang.AssertionError: expected [Hello] but found []\r\n\tat org.testng.Assert.fail(Assert.java:111)\r\n\tat org.testng.Assert.failNotEquals(Assert.java:1578)\r\n\tat org.testng.Assert.assertEqualsImpl(Assert.java:150)\r\n\tat org.testng.Assert.assertEquals(Assert.java:132)\r\n\tat org.testng.Assert.assertEquals(Assert.java:656)\r\n\tat org.testng.Assert.assertEquals(Assert.java:666)\r\n\tat stepDefinitions.LinkedListSteps.the_user_gets_the_message(LinkedListSteps.java:84)\r\n\tat ✽.the user gets the message 'Hello'(file:///C:/Users/bloss/src/DsAlgoProject/src/test/resources/features/linkedList.feature:136)\r\n"},"stage":"finished","steps":[{"name":"Given the user is logged in","status":"passed","statusDetails":{"known":false,"muted":false,"flaky":false},"stage":"finished","steps":[],"attachments":[],"parameters":[],"start":1733962686124,"stop":1733962686732},{"name":"Given the user is in the python editor of the Insertion page","status":"passed","statusDetails":{"known":false,"muted":false,"flaky":false},"stage":"finished","steps":[],"attachments":[],"parameters":[],"start":1733962686732,"stop":1733962687094},{"name":"When the user enters 'print(\"Hello\")' in the python editor and clicks Run","status":"passed","statusDetails":{"known":false,"muted":false,"flaky":false},"stage":"finished","steps":[],"attachments":[],"parameters":[],"start":1733962687095,"stop":1733962687339},{"name":"Then the user gets the message 'Hello'","status":"failed","statusDetails":{"known":false,"muted":false,"flaky":false,"message":"expected [Hello] but found []","trace":"java.lang.AssertionError: expected [Hello] but found []\r\n\tat org.testng.Assert.fail(Assert.java:111)\r\n\tat org.testng.Assert.failNotEquals(Assert.java:1578)\r\n\tat org.testng.Assert.assertEqualsImpl(Assert.java:150)\r\n\tat org.testng.Assert.assertEquals(Assert.java:132)\r\n\tat org.testng.Assert.assertEquals(Assert.java:656)\r\n\tat org.testng.Assert.assertEquals(Assert.java:666)\r\n\tat stepDefinitions.LinkedListSteps.the_user_gets_the_message(LinkedListSteps.java:84)\r\n\tat ✽.the user gets the message 'Hello'(file:///C:/Users/bloss/src/DsAlgoProject/src/test/resources/features/linkedList.feature:136)\r\n"},"stage":"finished","steps":[],"attachments":[],"parameters":[],"start":1733962687339,"stop":1733962687355}],"attachments":[],"parameters":[{"name":"code","value":"print(\"Hello\")"},{"name":"expectedOutcome","value":"Hello"}],"start":1733962686124,"stop":1733962687355}