{"uuid":"ede53d38-0b5b-4b6d-893f-00d634f8bd10","historyId":"3792b3449196ab2d48449469d03e5c9","testCaseId":"1a73765ccf7bf07909a1a976e1b39492","fullName":"src/test/resources/features/linkedList.feature:49","labels":[{"name":"tag","value":"wip"},{"name":"host","value":"Blossoms"},{"name":"thread","value":"48256@Blossoms.main(1)"},{"name":"feature","value":"Linked List functionality"},{"name":"story","value":"validating Run function with valid code and invalid code"},{"name":"suite","value":"Linked List functionality"},{"name":"testClass","value":"validating Run function with valid code and invalid code"},{"name":"framework","value":"cucumber4jvm"},{"name":"language","value":"java"},{"name":"gherkin_uri","value":"file:///C:/Users/bloss/src/DsAlgoProject/src/test/resources/features/linkedList.feature"},{"name":"package","value":"src.test.resources.features.linkedList_feature.Linked List functionality"}],"links":[],"name":"validating Run function with valid code and invalid code","status":"failed","statusDetails":{"known":false,"muted":false,"flaky":false,"message":"registerMessage expected [true] but found [false]","trace":"java.lang.AssertionError: registerMessage expected [true] but found [false]\r\n\tat org.testng.Assert.fail(Assert.java:111)\r\n\tat org.testng.Assert.failNotEquals(Assert.java:1578)\r\n\tat org.testng.Assert.assertTrue(Assert.java:57)\r\n\tat stepDefinitions.RegisterSteps.the_user_gets_a_message(RegisterSteps.java:57)\r\n\tat ✽.the user gets a message 'Hello'(file:///C:/Users/bloss/src/DsAlgoProject/src/test/resources/features/linkedList.feature:45)\r\n"},"stage":"finished","steps":[{"name":"Given the user is logged in","status":"passed","statusDetails":{"known":false,"muted":false,"flaky":false},"stage":"finished","steps":[],"attachments":[],"parameters":[],"start":1733165948725,"stop":1733165950959},{"name":"Given the user is in the python editor of Creating Linked List page","status":"passed","statusDetails":{"known":false,"muted":false,"flaky":false},"stage":"finished","steps":[],"attachments":[],"parameters":[],"start":1733165950960,"stop":1733165951611},{"name":"When the user enters 'print(\"Hello\")' in the python editor and clicks Run","status":"passed","statusDetails":{"known":false,"muted":false,"flaky":false},"stage":"finished","steps":[],"attachments":[],"parameters":[],"start":1733165951612,"stop":1733165951612},{"name":"Then the user gets a message 'Hello'","status":"failed","statusDetails":{"known":false,"muted":false,"flaky":false,"message":"registerMessage expected [true] but found [false]","trace":"java.lang.AssertionError: registerMessage expected [true] but found [false]\r\n\tat org.testng.Assert.fail(Assert.java:111)\r\n\tat org.testng.Assert.failNotEquals(Assert.java:1578)\r\n\tat org.testng.Assert.assertTrue(Assert.java:57)\r\n\tat stepDefinitions.RegisterSteps.the_user_gets_a_message(RegisterSteps.java:57)\r\n\tat ✽.the user gets a message 'Hello'(file:///C:/Users/bloss/src/DsAlgoProject/src/test/resources/features/linkedList.feature:45)\r\n"},"stage":"finished","steps":[],"attachments":[],"parameters":[],"start":1733165951612,"stop":1733165951676}],"attachments":[],"parameters":[{"name":"code","value":"print(\"Hello\")"},{"name":"expectedOutcome","value":"Hello"}],"start":1733165948721,"stop":1733165951839}