<html>
<head>
<title>TestNG:  FirefoxTest</title>
<link href="../testng.css" rel="stylesheet" type="text/css" />
<link href="../my-testng.css" rel="stylesheet" type="text/css" />

<style type="text/css">
.log { display: none;} 
.stack-trace { display: none;} 
</style>
<script type="text/javascript">
<!--
function flip(e) {
  current = e.style.display;
  if (current == 'block') {
    e.style.display = 'none';
    return 0;
  }
  else {
    e.style.display = 'block';
    return 1;
  }
}

function toggleBox(szDivId, elem, msg1, msg2)
{
  var res = -1;  if (document.getElementById) {
    res = flip(document.getElementById(szDivId));
  }
  else if (document.all) {
    // this is the way old msie versions work
    res = flip(document.all[szDivId]);
  }
  if(elem) {
    if(res == 0) elem.innerHTML = msg1; else elem.innerHTML = msg2;
  }

}

function toggleAllBoxes() {
  if (document.getElementsByTagName) {
    d = document.getElementsByTagName('div');
    for (i = 0; i < d.length; i++) {
      if (d[i].className == 'log') {
        flip(d[i]);
      }
    }
  }
}

// -->
</script>

</head>
<body>
<h2 align='center'>FirefoxTest</h2><table border='1' align="center">
<tr>
<td>Tests passed/Failed/Skipped:</td><td>28/2/0</td>
</tr><tr>
<td>Started on:</td><td>Wed Dec 11 18:43:53 CST 2024</td>
</tr>
<tr><td>Total time:</td><td>80 seconds (80032 ms)</td>
</tr><tr>
<td>Included groups:</td><td></td>
</tr><tr>
<td>Excluded groups:</td><td></td>
</tr>
</table><p/>
<small><i>(Hover the method name to see the test class name)</i></small><p/>
<table width='100%' border='1' class='invocation-failed'>
<tr><td colspan='4' align='center'><b>FAILED TESTS</b></td></tr>
<tr><td><b>Test method</b></td>
<td><b>Attribute(s)</b></td>
<td width="30%"><b>Exception</b></td>
<td width="10%"><b>Time (seconds)</b></td>
<td><b>Instance</b></td>
</tr>
<tr>
<td title='testRunner.CucumberTest.runScenario()'><b>runScenario</b><br>Test class: testRunner.CucumberTest<br>Test method: Runs Cucumber Scenarios<br>Parameters: "validating Run function with invalid code and valid code", "Linked List functionality"</td>
<td><div><pre>org.openqa.selenium.NoAlertPresentException: Build info: version: &apos;4.26.0&apos;, revision: &apos;8ccf0219d7&apos;
System info: os.name: &apos;Windows 11&apos;, os.arch: &apos;amd64&apos;, os.version: &apos;10.0&apos;, java.version: &apos;22.0.2&apos;
Driver info: org.openqa.selenium.firefox.FirefoxDriver
Command: [39967ff5-95c8-479f-9746-0afc5c572d83, getAlertText {}]
Capabilities {acceptInsecureCerts: true, browserName: firefox, browserVersion: 133.0.3, moz:accessibilityChecks: false, moz:buildID: 20241209150345, moz:debuggerAddress: 127.0.0.1:29553, moz:geckodriverVersion: 0.35.0, moz:headless: false, moz:platformVersion: 10.0, moz:processID: 15556, moz:profile: C:\Users\bloss\AppData\Loca..., moz:shutdownTimeout: 60000, moz:webdriverClick: true, moz:windowless: false, pageLoadStrategy: normal, platformName: windows, proxy: Proxy(), se:cdp: ws://127.0.0.1:29553/devtoo..., se:cdpVersion: 85.0, setWindowRect: true, strictFileInteractability: false, timeouts: {implicit: 0, pageLoad: 300000, script: 30000}, unhandledPromptBehavior: dismiss and notify, userAgent: Mozilla/5.0 (Windows NT 10....}
Session ID: 39967ff5-95c8-479f-9746-0afc5c572d83
	at org.openqa.selenium.remote.ErrorCodec.decode(ErrorCodec.java:167)
	at org.openqa.selenium.remote.codec.w3c.W3CHttpResponseCodec.decode(W3CHttpResponseCodec.java:138)
	at org.openqa.selenium.remote.codec.w3c.W3CHttpResponseCodec.decode(W3CHttpResponseCodec.java:50)
	at org.openqa.selenium.remote.HttpCommandExecutor.execute(HttpCommandExecutor.java:190)
	at org.openqa.selenium.remote.service.DriverCommandExecutor.invokeExecute(DriverCommandExecutor.java:216)
	at org.openqa.selenium.remote.service.DriverCommandExecutor.execute(DriverCommandExecutor.java:174)
	at org.openqa.selenium.remote.RemoteWebDriver.execute(RemoteWebDriver.java:545)
	at org.openqa.selenium.remote.RemoteWebDriver.execute(RemoteWebDriver.java:618)
	at org.openqa.selenium.remote.RemoteWebDriver.execute(RemoteWebDriver.java:622)
	at org.openqa.selenium.remote.RemoteWebDriver$RemoteTargetLocator.alert(RemoteWebDriver.java:1190)
	at pageObjects.LinkedListPage.getPopupAlertText(LinkedListPage.java:195)
	at stepDefinitions.LinkedListSteps.the_user_gets_the_message(LinkedListSteps.java:81)
	at ✽.the user gets the message &apos;SyntaxError: bad input on line 1&apos;(file:///C:/Users/bloss/src/DsAlgoProject/src/test/resources/features/linkedList.feature:158)
... Removed 3 stack frames</pre></div><a href='#' onClick='toggleBox("stack-trace307909211", this, "Click to show all stack frames", "Click to hide stack frames")'>Click to show all stack frames</a>
<div class='stack-trace' id='stack-trace307909211'><pre>org.openqa.selenium.NoAlertPresentException: Build info: version: &apos;4.26.0&apos;, revision: &apos;8ccf0219d7&apos;
System info: os.name: &apos;Windows 11&apos;, os.arch: &apos;amd64&apos;, os.version: &apos;10.0&apos;, java.version: &apos;22.0.2&apos;
Driver info: org.openqa.selenium.firefox.FirefoxDriver
Command: [39967ff5-95c8-479f-9746-0afc5c572d83, getAlertText {}]
Capabilities {acceptInsecureCerts: true, browserName: firefox, browserVersion: 133.0.3, moz:accessibilityChecks: false, moz:buildID: 20241209150345, moz:debuggerAddress: 127.0.0.1:29553, moz:geckodriverVersion: 0.35.0, moz:headless: false, moz:platformVersion: 10.0, moz:processID: 15556, moz:profile: C:\Users\bloss\AppData\Loca..., moz:shutdownTimeout: 60000, moz:webdriverClick: true, moz:windowless: false, pageLoadStrategy: normal, platformName: windows, proxy: Proxy(), se:cdp: ws://127.0.0.1:29553/devtoo..., se:cdpVersion: 85.0, setWindowRect: true, strictFileInteractability: false, timeouts: {implicit: 0, pageLoad: 300000, script: 30000}, unhandledPromptBehavior: dismiss and notify, userAgent: Mozilla/5.0 (Windows NT 10....}
Session ID: 39967ff5-95c8-479f-9746-0afc5c572d83
	at java.base/jdk.internal.reflect.DirectConstructorHandleAccessor.newInstance(DirectConstructorHandleAccessor.java:62)
	at java.base/java.lang.reflect.Constructor.newInstanceWithCaller(Constructor.java:502)
	at java.base/java.lang.reflect.Constructor.newInstance(Constructor.java:486)
	at org.openqa.selenium.remote.ErrorCodec.decode(ErrorCodec.java:167)
	at org.openqa.selenium.remote.codec.w3c.W3CHttpResponseCodec.decode(W3CHttpResponseCodec.java:138)
	at org.openqa.selenium.remote.codec.w3c.W3CHttpResponseCodec.decode(W3CHttpResponseCodec.java:50)
	at org.openqa.selenium.remote.HttpCommandExecutor.execute(HttpCommandExecutor.java:190)
	at org.openqa.selenium.remote.service.DriverCommandExecutor.invokeExecute(DriverCommandExecutor.java:216)
	at org.openqa.selenium.remote.service.DriverCommandExecutor.execute(DriverCommandExecutor.java:174)
	at org.openqa.selenium.remote.RemoteWebDriver.execute(RemoteWebDriver.java:545)
	at org.openqa.selenium.remote.RemoteWebDriver.execute(RemoteWebDriver.java:618)
	at org.openqa.selenium.remote.RemoteWebDriver.execute(RemoteWebDriver.java:622)
	at org.openqa.selenium.remote.RemoteWebDriver$RemoteTargetLocator.alert(RemoteWebDriver.java:1190)
	at pageObjects.LinkedListPage.getPopupAlertText(LinkedListPage.java:195)
	at stepDefinitions.LinkedListSteps.the_user_gets_the_message(LinkedListSteps.java:81)
	at ✽.the user gets the message &apos;SyntaxError: bad input on line 1&apos;(file:///C:/Users/bloss/src/DsAlgoProject/src/test/resources/features/linkedList.feature:158)
</pre></div></td>
<td>1</td>
<td>testRunner.CucumberTest@16aa8654</td></tr>
<tr>
<td title='testRunner.CucumberTest.runScenario()'><b>runScenario</b><br>Test class: testRunner.CucumberTest<br>Test method: Runs Cucumber Scenarios<br>Parameters: "validating Run function with invalid code and valid code", "Linked List functionality"</td>
<td><div><pre>java.lang.AssertionError: expected [Hello] but found []
	at stepDefinitions.LinkedListSteps.the_user_gets_the_message(LinkedListSteps.java:84)
	at ✽.the user gets the message &apos;Hello&apos;(file:///C:/Users/bloss/src/DsAlgoProject/src/test/resources/features/linkedList.feature:158)
... Removed 6 stack frames</pre></div><a href='#' onClick='toggleBox("stack-trace226307219", this, "Click to show all stack frames", "Click to hide stack frames")'>Click to show all stack frames</a>
<div class='stack-trace' id='stack-trace226307219'><pre>java.lang.AssertionError: expected [Hello] but found []
	at org.testng.Assert.fail(Assert.java:111)
	at org.testng.Assert.failNotEquals(Assert.java:1578)
	at org.testng.Assert.assertEqualsImpl(Assert.java:150)
	at org.testng.Assert.assertEquals(Assert.java:132)
	at org.testng.Assert.assertEquals(Assert.java:656)
	at org.testng.Assert.assertEquals(Assert.java:666)
	at stepDefinitions.LinkedListSteps.the_user_gets_the_message(LinkedListSteps.java:84)
	at ✽.the user gets the message &apos;Hello&apos;(file:///C:/Users/bloss/src/DsAlgoProject/src/test/resources/features/linkedList.feature:158)
</pre></div></td>
<td>1</td>
<td>testRunner.CucumberTest@16aa8654</td></tr>
</table><p>
<table width='100%' border='1' class='invocation-passed'>
<tr><td colspan='4' align='center'><b>PASSED TESTS</b></td></tr>
<tr><td><b>Test method</b></td>
<td><b>Attribute(s)</b></td>
<td width="30%"><b>Exception</b></td>
<td width="10%"><b>Time (seconds)</b></td>
<td><b>Instance</b></td>
</tr>
<tr>
<td title='testRunner.CucumberTest.runScenario()'><b>runScenario</b><br>Test class: testRunner.CucumberTest<br>Test method: Runs Cucumber Scenarios<br>Parameters: "exploring the python editor page of Traversal page", "Linked List functionality"</td>
<td></td>
<td>2</td>
<td>testRunner.CucumberTest@16aa8654</td></tr>
<tr>
<td title='testRunner.CucumberTest.runScenario()'><b>runScenario</b><br>Test class: testRunner.CucumberTest<br>Test method: Runs Cucumber Scenarios<br>Parameters: "Exploring the practice questions page", "Linked List functionality"</td>
<td></td>
<td>1</td>
<td>testRunner.CucumberTest@16aa8654</td></tr>
<tr>
<td title='testRunner.CucumberTest.runScenario()'><b>runScenario</b><br>Test class: testRunner.CucumberTest<br>Test method: Runs Cucumber Scenarios<br>Parameters: "exploring the python editor of Introduction page", "Linked List functionality"</td>
<td></td>
<td>3</td>
<td>testRunner.CucumberTest@16aa8654</td></tr>
<tr>
<td title='testRunner.CucumberTest.runScenario()'><b>runScenario</b><br>Test class: testRunner.CucumberTest<br>Test method: Runs Cucumber Scenarios<br>Parameters: "validating Run function with invalid code and valid code", "Linked List functionality"</td>
<td></td>
<td>2</td>
<td>testRunner.CucumberTest@16aa8654</td></tr>
<tr>
<td title='testRunner.CucumberTest.runScenario()'><b>runScenario</b><br>Test class: testRunner.CucumberTest<br>Test method: Runs Cucumber Scenarios<br>Parameters: "exploring the python editor page of Deletion page", "Linked List functionality"</td>
<td></td>
<td>1</td>
<td>testRunner.CucumberTest@16aa8654</td></tr>
<tr>
<td title='testRunner.CucumberTest.runScenario()'><b>runScenario</b><br>Test class: testRunner.CucumberTest<br>Test method: Runs Cucumber Scenarios<br>Parameters: "exploring the Traversal page", "Linked List functionality"</td>
<td></td>
<td>2</td>
<td>testRunner.CucumberTest@16aa8654</td></tr>
<tr>
<td title='testRunner.CucumberTest.runScenario()'><b>runScenario</b><br>Test class: testRunner.CucumberTest<br>Test method: Runs Cucumber Scenarios<br>Parameters: "exploring the Creating Linked List page", "Linked List functionality"</td>
<td></td>
<td>2</td>
<td>testRunner.CucumberTest@16aa8654</td></tr>
<tr>
<td title='testRunner.CucumberTest.runScenario()'><b>runScenario</b><br>Test class: testRunner.CucumberTest<br>Test method: Runs Cucumber Scenarios<br>Parameters: "exploring the Implement Linked List in Python page", "Linked List functionality"</td>
<td></td>
<td>2</td>
<td>testRunner.CucumberTest@16aa8654</td></tr>
<tr>
<td title='testRunner.CucumberTest.runScenario()'><b>runScenario</b><br>Test class: testRunner.CucumberTest<br>Test method: Runs Cucumber Scenarios<br>Parameters: "exploring the Types of Linked List page", "Linked List functionality"</td>
<td></td>
<td>2</td>
<td>testRunner.CucumberTest@16aa8654</td></tr>
<tr>
<td title='testRunner.CucumberTest.runScenario()'><b>runScenario</b><br>Test class: testRunner.CucumberTest<br>Test method: Runs Cucumber Scenarios<br>Parameters: "validating Run function with invalid code and valid code", "Linked List functionality"</td>
<td></td>
<td>2</td>
<td>testRunner.CucumberTest@16aa8654</td></tr>
<tr>
<td title='testRunner.CucumberTest.runScenario()'><b>runScenario</b><br>Test class: testRunner.CucumberTest<br>Test method: Runs Cucumber Scenarios<br>Parameters: "validating Run function with invalid code and valid code", "Linked List functionality"</td>
<td></td>
<td>2</td>
<td>testRunner.CucumberTest@16aa8654</td></tr>
<tr>
<td title='testRunner.CucumberTest.runScenario()'><b>runScenario</b><br>Test class: testRunner.CucumberTest<br>Test method: Runs Cucumber Scenarios<br>Parameters: "validating Run function with invalid code and valid code", "Linked List functionality"</td>
<td></td>
<td>2</td>
<td>testRunner.CucumberTest@16aa8654</td></tr>
<tr>
<td title='testRunner.CucumberTest.runScenario()'><b>runScenario</b><br>Test class: testRunner.CucumberTest<br>Test method: Runs Cucumber Scenarios<br>Parameters: "validating Run function with invalid code and valid code", "Linked List functionality"</td>
<td></td>
<td>1</td>
<td>testRunner.CucumberTest@16aa8654</td></tr>
<tr>
<td title='testRunner.CucumberTest.runScenario()'><b>runScenario</b><br>Test class: testRunner.CucumberTest<br>Test method: Runs Cucumber Scenarios<br>Parameters: "exploring the python editor of Types of Linked List page", "Linked List functionality"</td>
<td></td>
<td>3</td>
<td>testRunner.CucumberTest@16aa8654</td></tr>
<tr>
<td title='testRunner.CucumberTest.runScenario()'><b>runScenario</b><br>Test class: testRunner.CucumberTest<br>Test method: Runs Cucumber Scenarios<br>Parameters: "exploring the python editor page of Insertion page", "Linked List functionality"</td>
<td></td>
<td>3</td>
<td>testRunner.CucumberTest@16aa8654</td></tr>
<tr>
<td title='testRunner.CucumberTest.runScenario()'><b>runScenario</b><br>Test class: testRunner.CucumberTest<br>Test method: Runs Cucumber Scenarios<br>Parameters: "validating Run function with invalid code and valid code", "Linked List functionality"</td>
<td></td>
<td>2</td>
<td>testRunner.CucumberTest@16aa8654</td></tr>
<tr>
<td title='testRunner.CucumberTest.runScenario()'><b>runScenario</b><br>Test class: testRunner.CucumberTest<br>Test method: Runs Cucumber Scenarios<br>Parameters: "validating Run function with invalid code and valid code", "Linked List functionality"</td>
<td></td>
<td>3</td>
<td>testRunner.CucumberTest@16aa8654</td></tr>
<tr>
<td title='testRunner.CucumberTest.runScenario()'><b>runScenario</b><br>Test class: testRunner.CucumberTest<br>Test method: Runs Cucumber Scenarios<br>Parameters: "validating Run function with invalid code and valid code", "Linked List functionality"</td>
<td></td>
<td>2</td>
<td>testRunner.CucumberTest@16aa8654</td></tr>
<tr>
<td title='testRunner.CucumberTest.runScenario()'><b>runScenario</b><br>Test class: testRunner.CucumberTest<br>Test method: Runs Cucumber Scenarios<br>Parameters: "validating Run function with invalid code and valid code", "Linked List functionality"</td>
<td></td>
<td>1</td>
<td>testRunner.CucumberTest@16aa8654</td></tr>
<tr>
<td title='testRunner.CucumberTest.runScenario()'><b>runScenario</b><br>Test class: testRunner.CucumberTest<br>Test method: Runs Cucumber Scenarios<br>Parameters: "validating Run function with invalid code and valid code", "Linked List functionality"</td>
<td></td>
<td>2</td>
<td>testRunner.CucumberTest@16aa8654</td></tr>
<tr>
<td title='testRunner.CucumberTest.runScenario()'><b>runScenario</b><br>Test class: testRunner.CucumberTest<br>Test method: Runs Cucumber Scenarios<br>Parameters: "exploring the Insertion page", "Linked List functionality"</td>
<td></td>
<td>2</td>
<td>testRunner.CucumberTest@16aa8654</td></tr>
<tr>
<td title='testRunner.CucumberTest.runScenario()'><b>runScenario</b><br>Test class: testRunner.CucumberTest<br>Test method: Runs Cucumber Scenarios<br>Parameters: "exploring the Introduction page", "Linked List functionality"</td>
<td></td>
<td>1</td>
<td>testRunner.CucumberTest@16aa8654</td></tr>
<tr>
<td title='testRunner.CucumberTest.runScenario()'><b>runScenario</b><br>Test class: testRunner.CucumberTest<br>Test method: Runs Cucumber Scenarios<br>Parameters: "validating Run function with invalid code and valid code", "Linked List functionality"</td>
<td></td>
<td>2</td>
<td>testRunner.CucumberTest@16aa8654</td></tr>
<tr>
<td title='testRunner.CucumberTest.runScenario()'><b>runScenario</b><br>Test class: testRunner.CucumberTest<br>Test method: Runs Cucumber Scenarios<br>Parameters: "exploring the python editor in Creating Linked List page", "Linked List functionality"</td>
<td></td>
<td>2</td>
<td>testRunner.CucumberTest@16aa8654</td></tr>
<tr>
<td title='testRunner.CucumberTest.runScenario()'><b>runScenario</b><br>Test class: testRunner.CucumberTest<br>Test method: Runs Cucumber Scenarios<br>Parameters: "exploring the LinkedList page", "Linked List functionality"</td>
<td></td>
<td>3</td>
<td>testRunner.CucumberTest@16aa8654</td></tr>
<tr>
<td title='testRunner.CucumberTest.runScenario()'><b>runScenario</b><br>Test class: testRunner.CucumberTest<br>Test method: Runs Cucumber Scenarios<br>Parameters: "validating Run function with invalid code and valid code", "Linked List functionality"</td>
<td></td>
<td>2</td>
<td>testRunner.CucumberTest@16aa8654</td></tr>
<tr>
<td title='testRunner.CucumberTest.runScenario()'><b>runScenario</b><br>Test class: testRunner.CucumberTest<br>Test method: Runs Cucumber Scenarios<br>Parameters: "exploring the python editor page in Implement Linked List in Python page", "Linked List functionality"</td>
<td></td>
<td>2</td>
<td>testRunner.CucumberTest@16aa8654</td></tr>
<tr>
<td title='testRunner.CucumberTest.runScenario()'><b>runScenario</b><br>Test class: testRunner.CucumberTest<br>Test method: Runs Cucumber Scenarios<br>Parameters: "exploring the Deletion page", "Linked List functionality"</td>
<td></td>
<td>2</td>
<td>testRunner.CucumberTest@16aa8654</td></tr>
</table><p>
</body>
</html>